<?xml version="1.0" encoding="UTF-8"?>
<!-- Generated by org.testng.reporters.JUnitReportReporter -->
<testsuite skipped="0" hostname="DESKTOP-3D44BGE" name="tests.BaseClass" tests="1" failures="0" timestamp="07 Nov 2019 04:30:12 GMT" time="12.424" errors="0">
  <testcase name="interactWithCameraInAndroid" time="12.424" classname="tests.BaseClass"/>
</testsuite> <!-- tests.BaseClass -->
